app/build/outputs/logs/manifest-merger-all-debug-report.txt
-- Merging decision tree log ---
manifest
ADDED from src/main/AndroidManifest.xml:2:1-21:12
	package
		ADDED from src/main/AndroidManifest.xml:3:5-39
		INJECTED from src/main/AndroidManifest.xml
		INJECTED from src/main/AndroidManifest.xml
	android:versionName
		INJECTED from src/main/AndroidManifest.xml
		INJECTED from src/main/AndroidManifest.xml
	xmlns:android
		ADDED from src/main/AndroidManifest.xml:2:11-69
	android:versionCode
		INJECTED from src/main/AndroidManifest.xml
		INJECTED from src/main/AndroidManifest.xml
application
ADDED from src/main/AndroidManifest.xml:4:5-20:19
	android:label
		ADDED from src/main/AndroidManifest.xml:9:9-41
	android:supportsRtl
		ADDED from src/main/AndroidManifest.xml:7:9-35
	android:fullBackupContent
		ADDED from src/main/AndroidManifest.xml:6:9-42
	android:allowBackup
		ADDED from src/main/AndroidManifest.xml:5:9-36
	android:icon
		ADDED from src/main/AndroidManifest.xml:8:9-43
	android:theme
		ADDED from src/main/AndroidManifest.xml:10:9-40
activity#com.telefuns.sample.calc.MainActivity
ADDED from src/main/AndroidManifest.xml:11:7-19:18
	android:screenOrientation
		ADDED from src/main/AndroidManifest.xml:14:11-47
	android:label
		ADDED from src/main/AndroidManifest.xml:13:11-43
	android:name
		ADDED from src/main/AndroidManifest.xml:12:11-63
intent-filter#android.intent.action.MAIN+android.intent.category.LAUNCHER
ADDED from src/main/AndroidManifest.xml:15:9-18:25
action#android.intent.action.MAIN
ADDED from src/main/AndroidManifest.xml:16:11-63
	android:name
		ADDED from src/main/AndroidManifest.xml:16:19-60
category#android.intent.category.LAUNCHER
ADDED from src/main/AndroidManifest.xml:17:11-71
	android:name
		ADDED from src/main/AndroidManifest.xml:17:21-68
uses-sdk
INJECTED from src/main/AndroidManifest.xml reason: use-sdk injection requested
	android:targetSdkVersion
		INJECTED from src/main/AndroidManifest.xml
		INJECTED from src/main/AndroidManifest.xml
	android:minSdkVersion
		INJECTED from src/main/AndroidManifest.xml
		INJECTED from src/main/AndroidManifest.xml